CRITICAL - 2023-11-11 12:13:39 --> Undefined property: App\Controllers\Home::$MahasiswaModel
in APPPATH\Controllers\Home.php on line 9.
 1 APPPATH\Controllers\Home.php(9): CodeIgniter\Debug\Exceptions->errorHandler(2, 'Undefined property: App\\Controllers\\Home::$MahasiswaModel', 'C:\\xampp\\htdocs\\data-diri\\app\\Controllers\\Home.php', 9)
 2 SYSTEMPATH\CodeIgniter.php(919): App\Controllers\Home->list()
 3 SYSTEMPATH\CodeIgniter.php(494): CodeIgniter\CodeIgniter->runController(Object(App\Controllers\Home))
 4 SYSTEMPATH\CodeIgniter.php(353): CodeIgniter\CodeIgniter->handleRequest(null, Object(Config\Cache), false)
 5 FCPATH\index.php(79): CodeIgniter\CodeIgniter->run()
 6 SYSTEMPATH\Commands\Server\rewrite.php(47): require_once('C:\\xampp\\htdocs\\data-diri\\public\\index.php')
CRITICAL - 2023-11-11 12:49:11 --> Undefined property: App\Controllers\Home::$MahasiswaModel
in APPPATH\Controllers\Home.php on line 9.
 1 APPPATH\Controllers\Home.php(9): CodeIgniter\Debug\Exceptions->errorHandler(2, 'Undefined property: App\\Controllers\\Home::$MahasiswaModel', 'C:\\xampp\\htdocs\\data-diri\\app\\Controllers\\Home.php', 9)
 2 SYSTEMPATH\CodeIgniter.php(919): App\Controllers\Home->list()
 3 SYSTEMPATH\CodeIgniter.php(494): CodeIgniter\CodeIgniter->runController(Object(App\Controllers\Home))
 4 SYSTEMPATH\CodeIgniter.php(353): CodeIgniter\CodeIgniter->handleRequest(null, Object(Config\Cache), false)
 5 FCPATH\index.php(79): CodeIgniter\CodeIgniter->run()
 6 SYSTEMPATH\Commands\Server\rewrite.php(47): require_once('C:\\xampp\\htdocs\\data-diri\\public\\index.php')
CRITICAL - 2023-11-11 12:56:45 --> Undefined property: App\Controllers\Home::$MahasiswaModel
in APPPATH\Controllers\Home.php on line 9.
 1 APPPATH\Controllers\Home.php(9): CodeIgniter\Debug\Exceptions->errorHandler(2, 'Undefined property: App\\Controllers\\Home::$MahasiswaModel', 'C:\\xampp\\htdocs\\data-diri\\app\\Controllers\\Home.php', 9)
 2 SYSTEMPATH\CodeIgniter.php(919): App\Controllers\Home->list()
 3 SYSTEMPATH\CodeIgniter.php(494): CodeIgniter\CodeIgniter->runController(Object(App\Controllers\Home))
 4 SYSTEMPATH\CodeIgniter.php(353): CodeIgniter\CodeIgniter->handleRequest(null, Object(Config\Cache), false)
 5 FCPATH\index.php(79): CodeIgniter\CodeIgniter->run()
 6 SYSTEMPATH\Commands\Server\rewrite.php(47): require_once('C:\\xampp\\htdocs\\data-diri\\public\\index.php')
CRITICAL - 2023-11-11 13:09:31 --> Undefined property: App\Controllers\Home::$MahasiswaModel
in APPPATH\Controllers\Home.php on line 9.
 1 APPPATH\Controllers\Home.php(9): CodeIgniter\Debug\Exceptions->errorHandler(2, 'Undefined property: App\\Controllers\\Home::$MahasiswaModel', 'C:\\xampp\\htdocs\\data-diri\\app\\Controllers\\Home.php', 9)
 2 SYSTEMPATH\CodeIgniter.php(919): App\Controllers\Home->list()
 3 SYSTEMPATH\CodeIgniter.php(494): CodeIgniter\CodeIgniter->runController(Object(App\Controllers\Home))
 4 SYSTEMPATH\CodeIgniter.php(353): CodeIgniter\CodeIgniter->handleRequest(null, Object(Config\Cache), false)
 5 FCPATH\index.php(79): CodeIgniter\CodeIgniter->run()
 6 SYSTEMPATH\Commands\Server\rewrite.php(47): require_once('C:\\xampp\\htdocs\\data-diri\\public\\index.php')
CRITICAL - 2023-11-11 13:09:32 --> Undefined property: App\Controllers\Home::$MahasiswaModel
in APPPATH\Controllers\Home.php on line 9.
 1 APPPATH\Controllers\Home.php(9): CodeIgniter\Debug\Exceptions->errorHandler(2, 'Undefined property: App\\Controllers\\Home::$MahasiswaModel', 'C:\\xampp\\htdocs\\data-diri\\app\\Controllers\\Home.php', 9)
 2 SYSTEMPATH\CodeIgniter.php(919): App\Controllers\Home->list()
 3 SYSTEMPATH\CodeIgniter.php(494): CodeIgniter\CodeIgniter->runController(Object(App\Controllers\Home))
 4 SYSTEMPATH\CodeIgniter.php(353): CodeIgniter\CodeIgniter->handleRequest(null, Object(Config\Cache), false)
 5 FCPATH\index.php(79): CodeIgniter\CodeIgniter->run()
 6 SYSTEMPATH\Commands\Server\rewrite.php(47): require_once('C:\\xampp\\htdocs\\data-diri\\public\\index.php')
CRITICAL - 2023-11-11 13:09:33 --> Undefined property: App\Controllers\Home::$MahasiswaModel
in APPPATH\Controllers\Home.php on line 9.
 1 APPPATH\Controllers\Home.php(9): CodeIgniter\Debug\Exceptions->errorHandler(2, 'Undefined property: App\\Controllers\\Home::$MahasiswaModel', 'C:\\xampp\\htdocs\\data-diri\\app\\Controllers\\Home.php', 9)
 2 SYSTEMPATH\CodeIgniter.php(919): App\Controllers\Home->list()
 3 SYSTEMPATH\CodeIgniter.php(494): CodeIgniter\CodeIgniter->runController(Object(App\Controllers\Home))
 4 SYSTEMPATH\CodeIgniter.php(353): CodeIgniter\CodeIgniter->handleRequest(null, Object(Config\Cache), false)
 5 FCPATH\index.php(79): CodeIgniter\CodeIgniter->run()
 6 SYSTEMPATH\Commands\Server\rewrite.php(47): require_once('C:\\xampp\\htdocs\\data-diri\\public\\index.php')
CRITICAL - 2023-11-11 13:09:33 --> Undefined property: App\Controllers\Home::$MahasiswaModel
in APPPATH\Controllers\Home.php on line 9.
 1 APPPATH\Controllers\Home.php(9): CodeIgniter\Debug\Exceptions->errorHandler(2, 'Undefined property: App\\Controllers\\Home::$MahasiswaModel', 'C:\\xampp\\htdocs\\data-diri\\app\\Controllers\\Home.php', 9)
 2 SYSTEMPATH\CodeIgniter.php(919): App\Controllers\Home->list()
 3 SYSTEMPATH\CodeIgniter.php(494): CodeIgniter\CodeIgniter->runController(Object(App\Controllers\Home))
 4 SYSTEMPATH\CodeIgniter.php(353): CodeIgniter\CodeIgniter->handleRequest(null, Object(Config\Cache), false)
 5 FCPATH\index.php(79): CodeIgniter\CodeIgniter->run()
 6 SYSTEMPATH\Commands\Server\rewrite.php(47): require_once('C:\\xampp\\htdocs\\data-diri\\public\\index.php')
CRITICAL - 2023-11-11 13:09:33 --> Undefined property: App\Controllers\Home::$MahasiswaModel
in APPPATH\Controllers\Home.php on line 9.
 1 APPPATH\Controllers\Home.php(9): CodeIgniter\Debug\Exceptions->errorHandler(2, 'Undefined property: App\\Controllers\\Home::$MahasiswaModel', 'C:\\xampp\\htdocs\\data-diri\\app\\Controllers\\Home.php', 9)
 2 SYSTEMPATH\CodeIgniter.php(919): App\Controllers\Home->list()
 3 SYSTEMPATH\CodeIgniter.php(494): CodeIgniter\CodeIgniter->runController(Object(App\Controllers\Home))
 4 SYSTEMPATH\CodeIgniter.php(353): CodeIgniter\CodeIgniter->handleRequest(null, Object(Config\Cache), false)
 5 FCPATH\index.php(79): CodeIgniter\CodeIgniter->run()
 6 SYSTEMPATH\Commands\Server\rewrite.php(47): require_once('C:\\xampp\\htdocs\\data-diri\\public\\index.php')
CRITICAL - 2023-11-11 13:09:34 --> Undefined property: App\Controllers\Home::$MahasiswaModel
in APPPATH\Controllers\Home.php on line 9.
 1 APPPATH\Controllers\Home.php(9): CodeIgniter\Debug\Exceptions->errorHandler(2, 'Undefined property: App\\Controllers\\Home::$MahasiswaModel', 'C:\\xampp\\htdocs\\data-diri\\app\\Controllers\\Home.php', 9)
 2 SYSTEMPATH\CodeIgniter.php(919): App\Controllers\Home->list()
 3 SYSTEMPATH\CodeIgniter.php(494): CodeIgniter\CodeIgniter->runController(Object(App\Controllers\Home))
 4 SYSTEMPATH\CodeIgniter.php(353): CodeIgniter\CodeIgniter->handleRequest(null, Object(Config\Cache), false)
 5 FCPATH\index.php(79): CodeIgniter\CodeIgniter->run()
 6 SYSTEMPATH\Commands\Server\rewrite.php(47): require_once('C:\\xampp\\htdocs\\data-diri\\public\\index.php')
CRITICAL - 2023-11-11 13:09:34 --> Undefined property: App\Controllers\Home::$MahasiswaModel
in APPPATH\Controllers\Home.php on line 9.
 1 APPPATH\Controllers\Home.php(9): CodeIgniter\Debug\Exceptions->errorHandler(2, 'Undefined property: App\\Controllers\\Home::$MahasiswaModel', 'C:\\xampp\\htdocs\\data-diri\\app\\Controllers\\Home.php', 9)
 2 SYSTEMPATH\CodeIgniter.php(919): App\Controllers\Home->list()
 3 SYSTEMPATH\CodeIgniter.php(494): CodeIgniter\CodeIgniter->runController(Object(App\Controllers\Home))
 4 SYSTEMPATH\CodeIgniter.php(353): CodeIgniter\CodeIgniter->handleRequest(null, Object(Config\Cache), false)
 5 FCPATH\index.php(79): CodeIgniter\CodeIgniter->run()
 6 SYSTEMPATH\Commands\Server\rewrite.php(47): require_once('C:\\xampp\\htdocs\\data-diri\\public\\index.php')
CRITICAL - 2023-11-11 13:27:17 --> Undefined property: App\Controllers\Home::$MahasiswaModel
in APPPATH\Controllers\Home.php on line 9.
 1 APPPATH\Controllers\Home.php(9): CodeIgniter\Debug\Exceptions->errorHandler(2, 'Undefined property: App\\Controllers\\Home::$MahasiswaModel', 'C:\\xampp\\htdocs\\data-diri\\app\\Controllers\\Home.php', 9)
 2 SYSTEMPATH\CodeIgniter.php(919): App\Controllers\Home->list()
 3 SYSTEMPATH\CodeIgniter.php(494): CodeIgniter\CodeIgniter->runController(Object(App\Controllers\Home))
 4 SYSTEMPATH\CodeIgniter.php(353): CodeIgniter\CodeIgniter->handleRequest(null, Object(Config\Cache), false)
 5 FCPATH\index.php(79): CodeIgniter\CodeIgniter->run()
 6 SYSTEMPATH\Commands\Server\rewrite.php(47): require_once('C:\\xampp\\htdocs\\data-diri\\public\\index.php')
CRITICAL - 2023-11-11 13:28:40 --> Undefined property: App\Controllers\Home::$MahasiswaModel
in APPPATH\Controllers\Home.php on line 9.
 1 APPPATH\Controllers\Home.php(9): CodeIgniter\Debug\Exceptions->errorHandler(2, 'Undefined property: App\\Controllers\\Home::$MahasiswaModel', 'C:\\xampp\\htdocs\\data-diri\\app\\Controllers\\Home.php', 9)
 2 SYSTEMPATH\CodeIgniter.php(919): App\Controllers\Home->list()
 3 SYSTEMPATH\CodeIgniter.php(494): CodeIgniter\CodeIgniter->runController(Object(App\Controllers\Home))
 4 SYSTEMPATH\CodeIgniter.php(353): CodeIgniter\CodeIgniter->handleRequest(null, Object(Config\Cache), false)
 5 FCPATH\index.php(79): CodeIgniter\CodeIgniter->run()
 6 SYSTEMPATH\Commands\Server\rewrite.php(47): require_once('C:\\xampp\\htdocs\\data-diri\\public\\index.php')
CRITICAL - 2023-11-11 13:43:54 --> Undefined property: App\Controllers\Home::$MahasiswaModel
in APPPATH\Controllers\Home.php on line 9.
 1 APPPATH\Controllers\Home.php(9): CodeIgniter\Debug\Exceptions->errorHandler(2, 'Undefined property: App\\Controllers\\Home::$MahasiswaModel', 'C:\\xampp\\htdocs\\data-diri\\app\\Controllers\\Home.php', 9)
 2 SYSTEMPATH\CodeIgniter.php(919): App\Controllers\Home->list()
 3 SYSTEMPATH\CodeIgniter.php(494): CodeIgniter\CodeIgniter->runController(Object(App\Controllers\Home))
 4 SYSTEMPATH\CodeIgniter.php(353): CodeIgniter\CodeIgniter->handleRequest(null, Object(Config\Cache), false)
 5 FCPATH\index.php(79): CodeIgniter\CodeIgniter->run()
 6 SYSTEMPATH\Commands\Server\rewrite.php(47): require_once('C:\\xampp\\htdocs\\data-diri\\public\\index.php')
CRITICAL - 2023-11-11 13:48:04 --> Undefined property: App\Controllers\Home::$MahasiswaModel
in APPPATH\Controllers\Home.php on line 9.
 1 APPPATH\Controllers\Home.php(9): CodeIgniter\Debug\Exceptions->errorHandler(2, 'Undefined property: App\\Controllers\\Home::$MahasiswaModel', 'C:\\xampp\\htdocs\\data-diri\\app\\Controllers\\Home.php', 9)
 2 SYSTEMPATH\CodeIgniter.php(919): App\Controllers\Home->list()
 3 SYSTEMPATH\CodeIgniter.php(494): CodeIgniter\CodeIgniter->runController(Object(App\Controllers\Home))
 4 SYSTEMPATH\CodeIgniter.php(353): CodeIgniter\CodeIgniter->handleRequest(null, Object(Config\Cache), false)
 5 FCPATH\index.php(79): CodeIgniter\CodeIgniter->run()
 6 SYSTEMPATH\Commands\Server\rewrite.php(47): require_once('C:\\xampp\\htdocs\\data-diri\\public\\index.php')
